<?xml version="1.0" encoding="UTF-8"?>
<!-- Generated by org.testng.reporters.JUnitReportReporter -->
<testsuite hostname="Roshan" failures="0" tests="3" name="testng.SignupTest" time="0.005" errors="0" timestamp="2026-08-12T15:14:11 IST" skipped="0">
  <testcase classname="testng.SignupTest" name="signupByemail" time="0.002"/>
  <testcase classname="testng.SignupTest" name="signupByfaceboo" time="0.002"/>
  <testcase classname="testng.SignupTest" name="signupBytwitter" time="0.001"/>
</testsuite> <!-- testng.SignupTest -->
