<?xml version="1.0" encoding="UTF-8"?>
<!-- Generated by org.testng.reporters.JUnitReportReporter -->
<testsuite hostname="Roshan" failures="0" tests="4" name="testng.OrangeHRMTest" time="23.303" errors="0" timestamp="2026-07-27T18:50:19 IST" skipped="0">
  <testcase classname="testng.OrangeHRMTest" name="openApp" time="13.154"/>
  <testcase classname="testng.OrangeHRMTest" name="testLogo" time="0.459"/>
  <testcase classname="testng.OrangeHRMTest" name="loginTest" time="0.380"/>
  <testcase classname="testng.OrangeHRMTest" name="logout" time="9.310"/>
</testsuite> <!-- testng.OrangeHRMTest -->
