<?xml version="1.0" encoding="UTF-8"?>
<!-- Generated by org.testng.reporters.JUnitReportReporter -->
<testsuite hostname="Roshan" failures="0" tests="3" name="testng.LoginTest" time="0.015" errors="0" timestamp="2026-08-12T15:16:57 IST" skipped="0">
  <testcase classname="testng.LoginTest" name="loginByEmail" time="0.011"/>
  <testcase classname="testng.LoginTest" name="loginByFacebook" time="0.002"/>
  <testcase classname="testng.LoginTest" name="loginByTwitter" time="0.002"/>
</testsuite> <!-- testng.LoginTest -->
