<?xml version="1.0" encoding="UTF-8"?>
<!-- Generated by org.testng.reporters.JUnitReportReporter -->
<testsuite hostname="Roshan" failures="0" tests="3" name="testng.FirstTestClass" time="4.835" errors="0" timestamp="2026-07-27T18:50:19 IST" skipped="0">
  <testcase classname="testng.FirstTestClass" name="openapp" time="4.554"/>
  <testcase classname="testng.FirstTestClass" name="loginapp" time="0.004"/>
  <testcase classname="testng.FirstTestClass" name="logout" time="0.277"/>
</testsuite> <!-- testng.FirstTestClass -->
