<?xml version="1.0" encoding="UTF-8"?>
<!-- Generated by org.testng.reporters.JUnitXMLReporter -->
<testsuite ignored="0" hostname="Roshan" failures="1" tests="3" name="Test" time="17.199" errors="0" timestamp="2026-08-15T13:48:21 IST">
  <testcase classname="testnglistners.OrangeHRM" name="testLogo" time="0.095"/>
  <testcase classname="testnglistners.OrangeHRM" name="testURL" time="0.03">
    <failure type="java.lang.AssertionError" message="expected [https://opensource-demo.orangehrmlive.com/web/index.php/] but found [https://opensource-demo.orangehrmlive.com/web/index.php/auth/login]">
      <![CDATA[java.lang.AssertionError: expected [https://opensource-demo.orangehrmlive.com/web/index.php/] but found [https://opensource-demo.orangehrmlive.com/web/index.php/auth/login]
at testnglistners.OrangeHRM.testURL(OrangeHRM.java:42)
at java.base/java.util.ArrayList.forEach(ArrayList.java:1596)
... Removed 31 stack frames]]>
    </failure>
  </testcase> <!-- testURL -->
  <testcase classname="testnglistners.OrangeHRM" name="testTitle" time="0.0">
    <skipped/>
  </testcase> <!-- testTitle -->
</testsuite> <!-- Test -->
