<?xml version="1.0" encoding="UTF-8"?>
<!-- Generated by org.testng.reporters.JUnitXMLReporter -->
<testsuite ignored="0" hostname="Roshan" failures="0" tests="7" name="Test" time="28.233" errors="0" timestamp="2026-07-27T18:50:18 IST">
  <testcase classname="testng.OrangeHRMTest" name="openApp" time="13.154"/>
  <testcase classname="testng.OrangeHRMTest" name="testLogo" time="0.459"/>
  <testcase classname="testng.OrangeHRMTest" name="loginTest" time="0.38"/>
  <testcase classname="testng.OrangeHRMTest" name="logout" time="9.31"/>
  <testcase classname="testng.FirstTestClass" name="openapp" time="4.554"/>
  <testcase classname="testng.FirstTestClass" name="loginapp" time="0.004"/>
  <testcase classname="testng.FirstTestClass" name="logout" time="0.277"/>
</testsuite> <!-- Test -->
