<?xml version="1.0" encoding="UTF-8"?>
<!-- Generated by org.testng.reporters.JUnitXMLReporter -->
<testsuite ignored="6" hostname="Roshan" failures="0" tests="2" name="GroupingTest" time="0.075" errors="0" timestamp="2026-08-12T16:01:48 IST">
  <testcase classname="testng.PaymentTests" name="paymentInRupees" time="0.012"/>
  <testcase classname="testng.PaymentTests" name="paymentInDollers" time="0.003"/>
  <testcase classname="testng.SignupTest" name="signupByemail" time="0.0">
    <ignored/>
  </testcase> <!-- signupByemail -->
  <testcase classname="testng.LoginTest" name="loginByEmail" time="0.0">
    <ignored/>
  </testcase> <!-- loginByEmail -->
  <testcase classname="testng.SignupTest" name="signupBytwitter" time="0.0">
    <ignored/>
  </testcase> <!-- signupBytwitter -->
  <testcase classname="testng.SignupTest" name="signupByfaceboo" time="0.0">
    <ignored/>
  </testcase> <!-- signupByfaceboo -->
  <testcase classname="testng.LoginTest" name="loginByTwitter" time="0.0">
    <ignored/>
  </testcase> <!-- loginByTwitter -->
  <testcase classname="testng.LoginTest" name="loginByFacebook" time="0.0">
    <ignored/>
  </testcase> <!-- loginByFacebook -->
</testsuite> <!-- GroupingTest -->
