<?xml version="1.0" encoding="UTF-8"?>
<testng-results ignored="0" total="1" passed="1" failed="0" skipped="0">
  <reporter-output>
  </reporter-output>
  <suite started-at="2026-08-12T16:50:28 IST" name="Default suite" finished-at="2026-08-12T16:50:35 IST" duration-ms="7035">
    <groups>
    </groups>
    <test started-at="2026-08-12T16:50:28 IST" name="Default test" finished-at="2026-08-12T16:50:35 IST" duration-ms="7035">
      <class name="testng.DataProviderDemo">
        <test-method is-config="true" signature="setup()[pri:0, instance:testng.DataProviderDemo@186f8716]" started-at="2026-08-12T16:50:28 IST" name="setup" finished-at="2026-08-12T16:50:29 IST" duration-ms="1382" status="PASS">
          <reporter-output>
          </reporter-output>
        </test-method> <!-- setup -->
        <test-method signature="testLogin()[pri:0, instance:testng.DataProviderDemo@186f8716]" started-at="2026-08-12T16:50:29 IST" name="testLogin" finished-at="2026-08-12T16:50:35 IST" duration-ms="5401" status="PASS">
          <reporter-output>
          </reporter-output>
        </test-method> <!-- testLogin -->
        <test-method is-config="true" signature="tearDown()[pri:0, instance:testng.DataProviderDemo@186f8716]" started-at="2026-08-12T16:50:35 IST" name="tearDown" finished-at="2026-08-12T16:50:35 IST" duration-ms="224" status="PASS">
          <reporter-output>
          </reporter-output>
        </test-method> <!-- tearDown -->
      </class> <!-- testng.DataProviderDemo -->
    </test> <!-- Default test -->
  </suite> <!-- Default suite -->
</testng-results>
