<?xml version="1.0" encoding="UTF-8"?>
<!-- Generated by org.testng.reporters.JUnitXMLReporter -->
<testsuite ignored="0" hostname="Roshan" failures="0" tests="3" name="Default test" time="0.069" errors="0" timestamp="2026-08-12T15:01:22 IST">
  <testcase classname="testng.SignupTest" name="signupByemail" time="0.009"/>
  <testcase classname="testng.SignupTest" name="signupByfaceboo" time="0.003"/>
  <testcase classname="testng.SignupTest" name="signupBytwitter" time="0.002"/>
</testsuite> <!-- Default test -->
