<?xml version="1.0" encoding="UTF-8"?>
<!-- Generated by org.testng.reporters.JUnitXMLReporter -->
<testsuite ignored="0" hostname="Roshan" failures="0" tests="4" name="Default test" time="13.228" errors="0" timestamp="2026-07-27T12:44:57 IST">
  <testcase classname="testng.OrangeHRMTest" name="openApp" time="4.536"/>
  <testcase classname="testng.OrangeHRMTest" name="testLogo" time="1.245"/>
  <testcase classname="testng.OrangeHRMTest" name="loginTest" time="0.192"/>
  <testcase classname="testng.OrangeHRMTest" name="logout" time="7.218"/>
</testsuite> <!-- Default test -->
